2016-05-31 13:31:59 Debug: Notice (8): Undefined index: Order in [C:\Users\Leonardo\OneDrive\erp\sistema\app\View\Home\download.ctp, line 3]
Trace:
include - APP\View\Home\download.ctp, line 3
View::_evaluate() - CORE\Cake\View\View.php, line 948
View::_render() - CORE\Cake\View\View.php, line 910
View::render() - CORE\Cake\View\View.php, line 471
Controller::render() - CORE\Cake\Controller\Controller.php, line 954
Dispatcher::_invoke() - CORE\Cake\Routing\Dispatcher.php, line 198
Dispatcher::dispatch() - CORE\Cake\Routing\Dispatcher.php, line 165
[main] - APP\webroot\index.php, line 108

2016-05-31 13:31:59 Debug: Notice (8): Undefined index: Order in [C:\Users\Leonardo\OneDrive\erp\sistema\app\View\Home\download.ctp, line 6]
Trace:
include - APP\View\Home\download.ctp, line 6
View::_evaluate() - CORE\Cake\View\View.php, line 948
View::_render() - CORE\Cake\View\View.php, line 910
View::render() - CORE\Cake\View\View.php, line 471
Controller::render() - CORE\Cake\Controller\Controller.php, line 954
Dispatcher::_invoke() - CORE\Cake\Routing\Dispatcher.php, line 198
Dispatcher::dispatch() - CORE\Cake\Routing\Dispatcher.php, line 165
[main] - APP\webroot\index.php, line 108

2016-05-31 13:31:59 Debug: Notice (8): Undefined index: Order in [C:\Users\Leonardo\OneDrive\erp\sistema\app\View\Home\download.ctp, line 6]
Trace:
include - APP\View\Home\download.ctp, line 6
View::_evaluate() - CORE\Cake\View\View.php, line 948
View::_render() - CORE\Cake\View\View.php, line 910
View::render() - CORE\Cake\View\View.php, line 471
Controller::render() - CORE\Cake\Controller\Controller.php, line 954
Dispatcher::_invoke() - CORE\Cake\Routing\Dispatcher.php, line 198
Dispatcher::dispatch() - CORE\Cake\Routing\Dispatcher.php, line 165
[main] - APP\webroot\index.php, line 108

2016-05-31 13:31:59 Debug: Notice (8): Undefined index: Order in [C:\Users\Leonardo\OneDrive\erp\sistema\app\View\Home\download.ctp, line 6]
Trace:
include - APP\View\Home\download.ctp, line 6
View::_evaluate() - CORE\Cake\View\View.php, line 948
View::_render() - CORE\Cake\View\View.php, line 910
View::render() - CORE\Cake\View\View.php, line 471
Controller::render() - CORE\Cake\Controller\Controller.php, line 954
Dispatcher::_invoke() - CORE\Cake\Routing\Dispatcher.php, line 198
Dispatcher::dispatch() - CORE\Cake\Routing\Dispatcher.php, line 165
[main] - APP\webroot\index.php, line 108

2016-05-31 13:31:59 Debug: Notice (8): Undefined index: Order in [C:\Users\Leonardo\OneDrive\erp\sistema\app\View\Home\download.ctp, line 6]
Trace:
include - APP\View\Home\download.ctp, line 6
View::_evaluate() - CORE\Cake\View\View.php, line 948
View::_render() - CORE\Cake\View\View.php, line 910
View::render() - CORE\Cake\View\View.php, line 471
Controller::render() - CORE\Cake\Controller\Controller.php, line 954
Dispatcher::_invoke() - CORE\Cake\Routing\Dispatcher.php, line 198
Dispatcher::dispatch() - CORE\Cake\Routing\Dispatcher.php, line 165
[main] - APP\webroot\index.php, line 108

2016-05-31 13:31:59 Debug: Notice (8): Undefined index: Order in [C:\Users\Leonardo\OneDrive\erp\sistema\app\View\Home\download.ctp, line 6]
Trace:
include - APP\View\Home\download.ctp, line 6
View::_evaluate() - CORE\Cake\View\View.php, line 948
View::_render() - CORE\Cake\View\View.php, line 910
View::render() - CORE\Cake\View\View.php, line 471
Controller::render() - CORE\Cake\Controller\Controller.php, line 954
Dispatcher::_invoke() - CORE\Cake\Routing\Dispatcher.php, line 198
Dispatcher::dispatch() - CORE\Cake\Routing\Dispatcher.php, line 165
[main] - APP\webroot\index.php, line 108

2016-05-31 13:31:59 Debug: Notice (8): Undefined index: Order in [C:\Users\Leonardo\OneDrive\erp\sistema\app\View\Home\download.ctp, line 6]
Trace:
include - APP\View\Home\download.ctp, line 6
View::_evaluate() - CORE\Cake\View\View.php, line 948
View::_render() - CORE\Cake\View\View.php, line 910
View::render() - CORE\Cake\View\View.php, line 471
Controller::render() - CORE\Cake\Controller\Controller.php, line 954
Dispatcher::_invoke() - CORE\Cake\Routing\Dispatcher.php, line 198
Dispatcher::dispatch() - CORE\Cake\Routing\Dispatcher.php, line 165
[main] - APP\webroot\index.php, line 108

